<?xml version="1.0" encoding="UTF-8"?>
<!-- Generated by org.testng.reporters.JUnitReportReporter -->
<testsuite hostname="DESKTOP-RCAL6QB" failures="0" tests="1" name="error.testng" time="0.017" errors="0" timestamp="2020-12-27T10:06:08 IST" skipped="0">
  <testcase classname="error.testng" name="f" time="0.017"/>
  <system-out/>
</testsuite> <!-- error.testng -->
